<?xml version="1.0" encoding="UTF-8"?>
<!-- Generated by org.testng.reporters.JUnitReportReporter -->
<testsuite hostname="DESKTOP-QPI063C" name="scripts.test2" tests="1" failures="0" timestamp="29 Sep 2022 03:32:44 GMT" time="0.000" errors="0">
  <testcase name="tc3" time="0.000" classname="scripts.test2"/>
</testsuite> <!-- scripts.test2 -->
